<?xml version="1.0" encoding="UTF-8"?>
<!-- Generated by org.testng.reporters.JUnitReportReporter -->
<testsuite hostname="DESKTOP-RUA6ENJ" failures="0" tests="1" name="com.fb.qa.facebookkeyworddriven.LoginTest" time="33.653" errors="0" timestamp="2022-09-20T13:56:21 IST" skipped="0">
  <testcase classname="com.fb.qa.facebookkeyworddriven.LoginTest" name="loginTestWithKeywordDriven" time="33.653"/>
  <system-out/>
</testsuite> <!-- com.fb.qa.facebookkeyworddriven.LoginTest -->
